# JRE version: OpenJDK Runtime Environment (8.0_112-b06) (build 1.8.0_112-release-b06)
# Java VM: OpenJDK 64-Bit Server VM (25.112-b06 mixed mode windows-amd64 compressed oops)
Heap:
 PSYoungGen      total 187392K, used 97260K [0x00000000e0000000, 0x00000000ed500000, 0x0000000100000000)
  eden space 166912K, 50% used [0x00000000e0000000,0x00000000e5247578,0x00000000ea300000)
  from space 20480K, 63% used [0x00000000ec100000,0x00000000ecdb3d78,0x00000000ed500000)
  to   space 25600K, 0% used [0x00000000ea300000,0x00000000ea300000,0x00000000ebc00000)
 ParOldGen       total 173568K, used 47976K [0x00000000a0000000, 0x00000000aa980000, 0x00000000e0000000)
  object space 173568K, 27% used [0x00000000a0000000,0x00000000a2eda150,0x00000000aa980000)
 Metaspace       used 66209K, capacity 69346K, committed 69504K, reserved 1110016K
  class space    used 8699K, capacity 9322K, committed 9344K, reserved 1048576K
GC Heap History (10 events):
Event: 665.668 GC heap before
{Heap before GC invocations=13 (full 2):
 PSYoungGen      total 142336K, used 142138K [0x00000000e0000000, 0x00000000eb700000, 0x0000000100000000)
  eden space 129536K, 100% used [0x00000000e0000000,0x00000000e7e80000,0x00000000e7e80000)
  from space 12800K, 98% used [0x00000000eaa80000,0x00000000eb6ce848,0x00000000eb700000)
  to   space 14848K, 0% used [0x00000000e9a00000,0x00000000e9a00000,0x00000000ea880000)
 ParOldGen       total 104448K, used 17511K [0x00000000a0000000, 0x00000000a6600000, 0x00000000e0000000)
  object space 104448K, 16% used [0x00000000a0000000,0x00000000a1119ef0,0x00000000a6600000)
 Metaspace       used 52557K, capacity 54488K, committed 54784K, reserved 1097728K
  class space    used 6987K, capacity 7368K, committed 7424K, reserved 1048576K
Event: 665.719 GC heap after
Heap after GC invocations=13 (full 2):
 PSYoungGen      total 166912K, used 14819K [0x00000000e0000000, 0x00000000ebb80000, 0x0000000100000000)
  eden space 152064K, 0% used [0x00000000e0000000,0x00000000e0000000,0x00000000e9480000)
  from space 14848K, 99% used [0x00000000e9a00000,0x00000000ea878c98,0x00000000ea880000)
  to   space 19456K, 0% used [0x00000000ea880000,0x00000000ea880000,0x00000000ebb80000)
 ParOldGen       total 104448K, used 27463K [0x00000000a0000000, 0x00000000a6600000, 0x00000000e0000000)
  object space 104448K, 26% used [0x00000000a0000000,0x00000000a1ad1d70,0x00000000a6600000)
 Metaspace       used 52557K, capacity 54488K, committed 54784K, reserved 1097728K
  class space    used 6987K, capacity 7368K, committed 7424K, reserved 1048576K
}
Event: 685.651 GC heap before
{Heap before GC invocations=14 (full 2):
 PSYoungGen      total 166912K, used 158005K [0x00000000e0000000, 0x00000000ebb80000, 0x0000000100000000)
  eden space 152064K, 94% used [0x00000000e0000000,0x00000000e8bd4868,0x00000000e9480000)
  from space 14848K, 99% used [0x00000000e9a00000,0x00000000ea878c98,0x00000000ea880000)
  to   space 19456K, 0% used [0x00000000ea880000,0x00000000ea880000,0x00000000ebb80000)
 ParOldGen       total 104448K, used 27463K [0x00000000a0000000, 0x00000000a6600000, 0x00000000e0000000)
  object space 104448K, 26% used [0x00000000a0000000,0x00000000a1ad1d70,0x00000000a6600000)
 Metaspace       used 56393K, capacity 59026K, committed 59136K, reserved 1099776K
  class space    used 7574K, capacity 8128K, committed 8192K, reserved 1048576K
Event: 685.681 GC heap after
Heap after GC invocations=14 (full 2):
 PSYoungGen      total 165888K, used 19444K [0x00000000e0000000, 0x00000000ec300000, 0x0000000100000000)
  eden space 146432K, 0% used [0x00000000e0000000,0x00000000e0000000,0x00000000e8f00000)
  from space 19456K, 99% used [0x00000000ea880000,0x00000000ebb7d218,0x00000000ebb80000)
  to   space 26112K, 0% used [0x00000000e8f00000,0x00000000e8f00000,0x00000000ea880000)
 ParOldGen       total 104448K, used 37474K [0x00000000a0000000, 0x00000000a6600000, 0x00000000e0000000)
  object space 104448K, 35% used [0x00000000a0000000,0x00000000a2498a20,0x00000000a6600000)
 Metaspace       used 56393K, capacity 59026K, committed 59136K, reserved 1099776K
  class space    used 7574K, capacity 8128K, committed 8192K, reserved 1048576K
}
Event: 685.681 GC heap before
{Heap before GC invocations=15 (full 3):
 PSYoungGen      total 165888K, used 19444K [0x00000000e0000000, 0x00000000ec300000, 0x0000000100000000)
  eden space 146432K, 0% used [0x00000000e0000000,0x00000000e0000000,0x00000000e8f00000)
  from space 19456K, 99% used [0x00000000ea880000,0x00000000ebb7d218,0x00000000ebb80000)
  to   space 26112K, 0% used [0x00000000e8f00000,0x00000000e8f00000,0x00000000ea880000)
 ParOldGen       total 104448K, used 37474K [0x00000000a0000000, 0x00000000a6600000, 0x00000000e0000000)
  object space 104448K, 35% used [0x00000000a0000000,0x00000000a2498a20,0x00000000a6600000)
 Metaspace       used 56393K, capacity 59026K, committed 59136K, reserved 1099776K
  class space    used 7574K, capacity 8128K, committed 8192K, reserved 1048576K
Event: 686.271 GC heap after
Heap after GC invocations=15 (full 3):
 PSYoungGen      total 165888K, used 0K [0x00000000e0000000, 0x00000000ec300000, 0x0000000100000000)
  eden space 146432K, 0% used [0x00000000e0000000,0x00000000e0000000,0x00000000e8f00000)
  from space 19456K, 0% used [0x00000000ea880000,0x00000000ea880000,0x00000000ebb80000)
  to   space 26112K, 0% used [0x00000000e8f00000,0x00000000e8f00000,0x00000000ea880000)
 ParOldGen       total 173568K, used 47960K [0x00000000a0000000, 0x00000000aa980000, 0x00000000e0000000)
  object space 173568K, 27% used [0x00000000a0000000,0x00000000a2ed6150,0x00000000aa980000)
 Metaspace       used 56393K, capacity 59026K, committed 59136K, reserved 1099776K
  class space    used 7574K, capacity 8128K, committed 8192K, reserved 1048576K
}
Event: 708.349 GC heap before
{Heap before GC invocations=16 (full 3):
 PSYoungGen      total 165888K, used 146432K [0x00000000e0000000, 0x00000000ec300000, 0x0000000100000000)
  eden space 146432K, 100% used [0x00000000e0000000,0x00000000e8f00000,0x00000000e8f00000)
  from space 19456K, 0% used [0x00000000ea880000,0x00000000ea880000,0x00000000ebb80000)
  to   space 26112K, 0% used [0x00000000e8f00000,0x00000000e8f00000,0x00000000ea880000)
 ParOldGen       total 173568K, used 47960K [0x00000000a0000000, 0x00000000aa980000, 0x00000000e0000000)
  object space 173568K, 27% used [0x00000000a0000000,0x00000000a2ed6150,0x00000000aa980000)
 Metaspace       used 59199K, capacity 61920K, committed 62208K, reserved 1103872K
  class space    used 7880K, capacity 8423K, committed 8448K, reserved 1048576K
Event: 708.406 GC heap after
Heap after GC invocations=16 (full 3):
 PSYoungGen      total 172544K, used 3933K [0x00000000e0000000, 0x00000000eda80000, 0x0000000100000000)
  eden space 146432K, 0% used [0x00000000e0000000,0x00000000e0000000,0x00000000e8f00000)
  from space 26112K, 15% used [0x00000000e8f00000,0x00000000e92d77a0,0x00000000ea880000)
  to   space 26112K, 0% used [0x00000000ec100000,0x00000000ec100000,0x00000000eda80000)
 ParOldGen       total 173568K, used 47968K [0x00000000a0000000, 0x00000000aa980000, 0x00000000e0000000)
  object space 173568K, 27% used [0x00000000a0000000,0x00000000a2ed8150,0x00000000aa980000)
 Metaspace       used 59199K, capacity 61920K, committed 62208K, reserved 1103872K
  class space    used 7880K, capacity 8423K, committed 8448K, reserved 1048576K
}
Event: 857.936 GC heap before
{Heap before GC invocations=17 (full 3):
 PSYoungGen      total 172544K, used 150365K [0x00000000e0000000, 0x00000000eda80000, 0x0000000100000000)
  eden space 146432K, 100% used [0x00000000e0000000,0x00000000e8f00000,0x00000000e8f00000)
  from space 26112K, 15% used [0x00000000e8f00000,0x00000000e92d77a0,0x00000000ea880000)
  to   space 26112K, 0% used [0x00000000ec100000,0x00000000ec100000,0x00000000eda80000)
 ParOldGen       total 173568K, used 47968K [0x00000000a0000000, 0x00000000aa980000, 0x00000000e0000000)
  object space 173568K, 27% used [0x00000000a0000000,0x00000000a2ed8150,0x00000000aa980000)
 Metaspace       used 64643K, capacity 67650K, committed 67968K, reserved 1107968K
  class space    used 8586K, capacity 9226K, committed 9344K, reserved 1048576K
Event: 857.957 GC heap after
Heap after GC invocations=17 (full 3):
 PSYoungGen      total 187392K, used 13007K [0x00000000e0000000, 0x00000000ed500000, 0x0000000100000000)
  eden space 166912K, 0% used [0x00000000e0000000,0x00000000e0000000,0x00000000ea300000)
  from space 20480K, 63% used [0x00000000ec100000,0x00000000ecdb3d78,0x00000000ed500000)
  to   space 25600K, 0% used [0x00000000ea300000,0x00000000ea300000,0x00000000ebc00000)
 ParOldGen       total 173568K, used 47976K [0x00000000a0000000, 0x00000000aa980000, 0x00000000e0000000)
  object space 173568K, 27% used [0x00000000a0000000,0x00000000a2eda150,0x00000000aa980000)
 Metaspace       used 64643K, capacity 67650K, committed 67968K, reserved 1107968K
  class space    used 8586K, capacity 9226K, committed 9344K, reserved 1048576K
}

